{"D:\\Projects\\jasmine\\tst\\src\\Jasmine.tests.js":{"path":"D:\\Projects\\jasmine\\tst\\src\\Jasmine.tests.js","s":{"1":1,"2":1,"3":1,"4":1,"5":1,"6":1,"7":1},"b":{},"f":{"1":1,"2":1,"3":1},"fnMap":{"1":{"name":"(anonymous_1)","line":4,"loc":{"start":{"line":4,"column":24},"end":{"line":4,"column":36}}},"2":{"name":"(anonymous_2)","line":7,"loc":{"start":{"line":7,"column":52},"end":{"line":7,"column":64}}},"3":{"name":"(anonymous_3)","line":8,"loc":{"start":{"line":8,"column":22},"end":{"line":8,"column":34}}}},"statementMap":{"1":{"start":{"line":1,"column":0},"end":{"line":1,"column":31}},"2":{"start":{"line":2,"column":0},"end":{"line":2,"column":39}},"3":{"start":{"line":4,"column":0},"end":{"line":10,"column":3}},"4":{"start":{"line":5,"column":4},"end":{"line":5,"column":48}},"5":{"start":{"line":7,"column":4},"end":{"line":9,"column":7}},"6":{"start":{"line":8,"column":8},"end":{"line":8,"column":66}},"7":{"start":{"line":8,"column":36},"end":{"line":8,"column":62}}},"branchMap":{}},"D:\\Projects\\jasmine\\src\\Jasmine.js":{"path":"D:\\Projects\\jasmine\\src\\Jasmine.js","s":{"1":1,"2":1,"3":1,"4":1,"5":1,"6":1},"b":{"1":[1,0],"2":[1,0]},"f":{"1":1},"fnMap":{"1":{"name":"(anonymous_1)","line":11,"loc":{"start":{"line":11,"column":14},"end":{"line":11,"column":32}}}},"statementMap":{"1":{"start":{"line":1,"column":0},"end":{"line":1,"column":23}},"2":{"start":{"line":2,"column":0},"end":{"line":2,"column":27}},"3":{"start":{"line":11,"column":0},"end":{"line":15,"column":2}},"4":{"start":{"line":12,"column":4},"end":{"line":14,"column":5}},"5":{"start":{"line":13,"column":8},"end":{"line":13,"column":24}},"6":{"start":{"line":17,"column":0},"end":{"line":17,"column":25}}},"branchMap":{"1":{"line":12,"type":"if","locations":[{"start":{"line":12,"column":4},"end":{"line":12,"column":4}},{"start":{"line":12,"column":4},"end":{"line":12,"column":4}}]},"2":{"line":12,"type":"binary-expr","locations":[{"start":{"line":12,"column":8},"end":{"line":12,"column":15}},{"start":{"line":12,"column":19},"end":{"line":12,"column":55}}]}}},"D:\\Projects\\jasmine\\tst\\src\\Log.tests.js":{"path":"D:\\Projects\\jasmine\\tst\\src\\Log.tests.js","s":{"1":1,"2":1,"3":1,"4":1,"5":1,"6":1,"7":1,"8":1,"9":1,"10":1,"11":1,"12":1,"13":1,"14":1,"15":1,"16":1,"17":1,"18":1,"19":1,"20":1,"21":1,"22":1,"23":1,"24":1,"25":1,"26":1},"b":{},"f":{"1":1,"2":1,"3":1,"4":1,"5":1},"fnMap":{"1":{"name":"(anonymous_1)","line":5,"loc":{"start":{"line":5,"column":20},"end":{"line":5,"column":32}}},"2":{"name":"(anonymous_2)","line":25,"loc":{"start":{"line":25,"column":28},"end":{"line":25,"column":40}}},"3":{"name":"(anonymous_3)","line":32,"loc":{"start":{"line":32,"column":54},"end":{"line":32,"column":66}}},"4":{"name":"(anonymous_4)","line":40,"loc":{"start":{"line":40,"column":52},"end":{"line":40,"column":64}}},"5":{"name":"(anonymous_5)","line":47,"loc":{"start":{"line":47,"column":40},"end":{"line":47,"column":52}}}},"statementMap":{"1":{"start":{"line":1,"column":0},"end":{"line":1,"column":31}},"2":{"start":{"line":2,"column":0},"end":{"line":2,"column":27}},"3":{"start":{"line":3,"column":0},"end":{"line":3,"column":39}},"4":{"start":{"line":5,"column":0},"end":{"line":55,"column":3}},"5":{"start":{"line":7,"column":4},"end":{"line":7,"column":57}},"6":{"start":{"line":9,"column":4},"end":{"line":11,"column":7}},"7":{"start":{"line":13,"column":4},"end":{"line":23,"column":6}},"8":{"start":{"line":25,"column":4},"end":{"line":30,"column":7}},"9":{"start":{"line":26,"column":8},"end":{"line":26,"column":30}},"10":{"start":{"line":28,"column":8},"end":{"line":28,"column":43}},"11":{"start":{"line":29,"column":8},"end":{"line":29,"column":111}},"12":{"start":{"line":32,"column":4},"end":{"line":38,"column":7}},"13":{"start":{"line":33,"column":8},"end":{"line":33,"column":48}},"14":{"start":{"line":35,"column":8},"end":{"line":35,"column":50}},"15":{"start":{"line":36,"column":8},"end":{"line":36,"column":39}},"16":{"start":{"line":37,"column":8},"end":{"line":37,"column":67}},"17":{"start":{"line":40,"column":4},"end":{"line":45,"column":7}},"18":{"start":{"line":41,"column":8},"end":{"line":41,"column":49}},"19":{"start":{"line":43,"column":8},"end":{"line":43,"column":50}},"20":{"start":{"line":44,"column":8},"end":{"line":44,"column":39}},"21":{"start":{"line":47,"column":4},"end":{"line":54,"column":6}},"22":{"start":{"line":48,"column":8},"end":{"line":48,"column":48}},"23":{"start":{"line":49,"column":8},"end":{"line":49,"column":31}},"24":{"start":{"line":51,"column":8},"end":{"line":51,"column":51}},"25":{"start":{"line":52,"column":8},"end":{"line":52,"column":40}},"26":{"start":{"line":53,"column":8},"end":{"line":53,"column":68}}},"branchMap":{}},"D:\\Projects\\jasmine\\src\\Log.js":{"path":"D:\\Projects\\jasmine\\src\\Log.js","s":{"1":1,"2":1,"3":1,"4":1,"5":1,"6":1,"7":1,"8":1,"9":1,"10":1,"11":1,"12":0,"13":1,"14":1,"15":4,"16":4,"17":1,"18":1,"19":0,"20":1,"21":4,"22":4,"23":4,"24":4,"25":4,"26":1},"b":{"1":[1,0],"2":[0,0],"3":[0,1],"4":[4,0],"5":[4,4,4],"6":[4,4]},"f":{"1":1,"2":1,"3":0,"4":4,"5":1},"fnMap":{"1":{"name":"(anonymous_1)","line":7,"loc":{"start":{"line":7,"column":16},"end":{"line":7,"column":34}}},"2":{"name":"(anonymous_2)","line":10,"loc":{"start":{"line":10,"column":37},"end":{"line":10,"column":57}}},"3":{"name":"(anonymous_3)","line":19,"loc":{"start":{"line":19,"column":33},"end":{"line":19,"column":49}}},"4":{"name":"(anonymous_4)","line":27,"loc":{"start":{"line":27,"column":16},"end":{"line":27,"column":32}}},"5":{"name":"(anonymous_5)","line":31,"loc":{"start":{"line":31,"column":19},"end":{"line":31,"column":38}}}},"statementMap":{"1":{"start":{"line":1,"column":0},"end":{"line":1,"column":28}},"2":{"start":{"line":2,"column":0},"end":{"line":2,"column":27}},"3":{"start":{"line":4,"column":0},"end":{"line":4,"column":13}},"4":{"start":{"line":5,"column":0},"end":{"line":5,"column":16}},"5":{"start":{"line":7,"column":0},"end":{"line":22,"column":2}},"6":{"start":{"line":8,"column":4},"end":{"line":8,"column":24}},"7":{"start":{"line":10,"column":4},"end":{"line":15,"column":7}},"8":{"start":{"line":11,"column":8},"end":{"line":14,"column":9}},"9":{"start":{"line":12,"column":12},"end":{"line":13,"column":80}},"10":{"start":{"line":17,"column":4},"end":{"line":17,"column":34}},"11":{"start":{"line":19,"column":4},"end":{"line":21,"column":7}},"12":{"start":{"line":20,"column":8},"end":{"line":20,"column":96}},"13":{"start":{"line":24,"column":0},"end":{"line":24,"column":17}},"14":{"start":{"line":27,"column":0},"end":{"line":46,"column":2}},"15":{"start":{"line":28,"column":4},"end":{"line":28,"column":49}},"16":{"start":{"line":31,"column":4},"end":{"line":37,"column":6}},"17":{"start":{"line":32,"column":8},"end":{"line":32,"column":25}},"18":{"start":{"line":33,"column":8},"end":{"line":35,"column":9}},"19":{"start":{"line":34,"column":12},"end":{"line":34,"column":45}},"20":{"start":{"line":36,"column":8},"end":{"line":36,"column":36}},"21":{"start":{"line":39,"column":4},"end":{"line":41,"column":5}},"22":{"start":{"line":40,"column":8},"end":{"line":40,"column":89}},"23":{"start":{"line":42,"column":4},"end":{"line":42,"column":27}},"24":{"start":{"line":43,"column":4},"end":{"line":43,"column":37}},"25":{"start":{"line":45,"column":4},"end":{"line":45,"column":18}},"26":{"start":{"line":48,"column":0},"end":{"line":48,"column":46}}},"branchMap":{"1":{"line":11,"type":"if","locations":[{"start":{"line":11,"column":8},"end":{"line":11,"column":8}},{"start":{"line":11,"column":8},"end":{"line":11,"column":8}}]},"2":{"line":20,"type":"binary-expr","locations":[{"start":{"line":20,"column":31},"end":{"line":20,"column":58}},{"start":{"line":20,"column":62},"end":{"line":20,"column":94}}]},"3":{"line":33,"type":"if","locations":[{"start":{"line":33,"column":8},"end":{"line":33,"column":8}},{"start":{"line":33,"column":8},"end":{"line":33,"column":8}}]},"4":{"line":39,"type":"if","locations":[{"start":{"line":39,"column":4},"end":{"line":39,"column":4}},{"start":{"line":39,"column":4},"end":{"line":39,"column":4}}]},"5":{"line":39,"type":"binary-expr","locations":[{"start":{"line":39,"column":8},"end":{"line":39,"column":18}},{"start":{"line":39,"column":22},"end":{"line":39,"column":36}},{"start":{"line":39,"column":40},"end":{"line":39,"column":61}}]},"6":{"line":40,"type":"binary-expr","locations":[{"start":{"line":40,"column":24},"end":{"line":40,"column":51}},{"start":{"line":40,"column":55},"end":{"line":40,"column":87}}]}}}}