TN:
SF:D:\Projects\jasmine\tst\src\Jasmine.tests.js
FN:4,(anonymous_1)
FN:7,(anonymous_2)
FN:8,(anonymous_3)
FNF:3
FNH:3
FNDA:1,(anonymous_1)
FNDA:1,(anonymous_2)
FNDA:1,(anonymous_3)
DA:1,1
DA:2,1
DA:4,1
DA:5,1
DA:7,1
DA:8,1
LF:6
LH:6
BRF:0
BRH:0
end_of_record
TN:
SF:D:\Projects\jasmine\src\Jasmine.js
FN:11,(anonymous_1)
FNF:1
FNH:1
FNDA:1,(anonymous_1)
DA:1,1
DA:2,1
DA:11,1
DA:12,1
DA:13,1
DA:17,1
LF:6
LH:6
BRDA:12,1,0,1
BRDA:12,1,1,0
BRDA:12,2,0,1
BRDA:12,2,1,0
BRF:4
BRH:2
end_of_record
TN:
SF:D:\Projects\jasmine\tst\src\Log.tests.js
FN:5,(anonymous_1)
FN:25,(anonymous_2)
FN:32,(anonymous_3)
FN:40,(anonymous_4)
FN:47,(anonymous_5)
FNF:5
FNH:5
FNDA:1,(anonymous_1)
FNDA:1,(anonymous_2)
FNDA:1,(anonymous_3)
FNDA:1,(anonymous_4)
FNDA:1,(anonymous_5)
DA:1,1
DA:2,1
DA:3,1
DA:5,1
DA:7,1
DA:9,1
DA:13,1
DA:25,1
DA:26,1
DA:28,1
DA:29,1
DA:32,1
DA:33,1
DA:35,1
DA:36,1
DA:37,1
DA:40,1
DA:41,1
DA:43,1
DA:44,1
DA:47,1
DA:48,1
DA:49,1
DA:51,1
DA:52,1
DA:53,1
LF:26
LH:26
BRF:0
BRH:0
end_of_record
TN:
SF:D:\Projects\jasmine\src\Log.js
FN:7,(anonymous_1)
FN:10,(anonymous_2)
FN:19,(anonymous_3)
FN:27,(anonymous_4)
FN:31,(anonymous_5)
FNF:5
FNH:4
FNDA:1,(anonymous_1)
FNDA:1,(anonymous_2)
FNDA:0,(anonymous_3)
FNDA:4,(anonymous_4)
FNDA:1,(anonymous_5)
DA:1,1
DA:2,1
DA:4,1
DA:5,1
DA:7,1
DA:8,1
DA:10,1
DA:11,1
DA:12,1
DA:17,1
DA:19,1
DA:20,0
DA:24,1
DA:27,1
DA:28,4
DA:31,4
DA:32,1
DA:33,1
DA:34,0
DA:36,1
DA:39,4
DA:40,4
DA:42,4
DA:43,4
DA:45,4
DA:48,1
LF:26
LH:24
BRDA:11,1,0,1
BRDA:11,1,1,0
BRDA:20,2,0,0
BRDA:20,2,1,0
BRDA:33,3,0,0
BRDA:33,3,1,1
BRDA:39,4,0,4
BRDA:39,4,1,0
BRDA:39,5,0,4
BRDA:39,5,1,4
BRDA:39,5,2,4
BRDA:40,6,0,4
BRDA:40,6,1,4
BRF:13
BRH:8
end_of_record
